<?xml version="1.0" encoding="UTF-8"?>
<!-- Generated by org.testng.reporters.JUnitReportReporter -->
<testsuite hostname="PiyushVerma" failures="0" tests="3" name="midtrans.test.CheckoutFlow2" time="0.004" errors="0" timestamp="2020-12-10T23:13:25 IST" skipped="0">
  <testcase classname="midtrans.test.CheckoutFlow2" name="launch_product3" time="0.001"/>
  <system-out/>
  <testcase classname="midtrans.test.CheckoutFlow2" name="launch_product1" time="0.002"/>
  <system-out/>
  <testcase classname="midtrans.test.CheckoutFlow2" name="launch_product2" time="0.001"/>
  <system-out/>
</testsuite> <!-- midtrans.test.CheckoutFlow2 -->
