<?xml version="1.0" encoding="UTF-8"?>
<!-- Generated by org.testng.reporters.JUnitReportReporter -->
<testsuite hostname="PiyushVerma" failures="0" tests="3" name="midtrans.test.CheckoutFlow1" time="0.005" errors="0" timestamp="2020-12-10T22:49:41 IST" skipped="0">
  <testcase classname="midtrans.test.CheckoutFlow1" name="sale_product1" time="0.003"/>
  <system-out/>
  <testcase classname="midtrans.test.CheckoutFlow1" name="sale_product2" time="0.001"/>
  <system-out/>
  <testcase classname="midtrans.test.CheckoutFlow1" name="sale_product3" time="0.001"/>
  <system-out/>
</testsuite> <!-- midtrans.test.CheckoutFlow1 -->
