<?xml version="1.0" encoding="UTF-8"?>
<!-- Generated by org.testng.reporters.JUnitReportReporter -->
<testsuite hostname="PiyushVerma" failures="0" tests="3" name="midtrans.test.CheckoutFlow4" time="0.004" errors="0" timestamp="2020-12-11T11:26:56 IST" skipped="0">
  <testcase classname="midtrans.test.CheckoutFlow4" name="cart_product2" time="0.001"/>
  <system-out/>
  <testcase classname="midtrans.test.CheckoutFlow4" name="cart_product1" time="0.002"/>
  <system-out/>
  <testcase classname="midtrans.test.CheckoutFlow4" name="cart_product3" time="0.001"/>
  <system-out/>
</testsuite> <!-- midtrans.test.CheckoutFlow4 -->
